<?xml version="1.0" encoding="UTF-8"?>
<testng-results skipped="0" failed="0" total="1" passed="1">
  <reporter-output>
  </reporter-output>
  <suite name="Suite" duration-ms="35651" started-at="2016-08-13T12:46:00Z" finished-at="2016-08-13T12:46:36Z">
    <groups>
    </groups>
    <test name="Test" duration-ms="35651" started-at="2016-08-13T12:46:00Z" finished-at="2016-08-13T12:46:36Z">
      <class name="jenkinsPackage.JenkinsClass">
        <test-method status="PASS" signature="testA()[pri:0, instance:jenkinsPackage.JenkinsClass@4678c730]" name="testA" duration-ms="35628" started-at="2016-08-13T18:16:00Z" finished-at="2016-08-13T18:16:36Z">
          <reporter-output>
          </reporter-output>
        </test-method> <!-- testA -->
      </class> <!-- jenkinsPackage.JenkinsClass -->
    </test> <!-- Test -->
  </suite> <!-- Suite -->
</testng-results>
