<?xml version="1.0" encoding="UTF-8"?>
<testng-results skipped="0" failed="0" total="1" passed="1">
  <reporter-output>
  </reporter-output>
  <suite name="Suite" duration-ms="18406" started-at="2016-08-06T10:29:10Z" finished-at="2016-08-06T10:29:29Z">
    <groups>
    </groups>
    <test name="Test" duration-ms="18406" started-at="2016-08-06T10:29:10Z" finished-at="2016-08-06T10:29:29Z">
      <class name="jenkinsPackage.JenkinsClass">
        <test-method status="PASS" signature="testA()[pri:0, instance:jenkinsPackage.JenkinsClass@20e2cbe0]" name="testA" duration-ms="18373" started-at="2016-08-06T15:59:10Z" finished-at="2016-08-06T15:59:29Z">
          <reporter-output>
          </reporter-output>
        </test-method> <!-- testA -->
      </class> <!-- jenkinsPackage.JenkinsClass -->
    </test> <!-- Test -->
  </suite> <!-- Suite -->
</testng-results>
